<?xml version="1.0" encoding="UTF-8"?>
<!-- Generated by org.testng.reporters.JUnitReportReporter -->
<testsuite hostname="kari" failures="0" tests="4" name="com.git.GithubAutomation" time="118.574" errors="0" timestamp="2023-12-05T22:43:59 IST" skipped="0">
  <testcase classname="com.git.GithubAutomation" name="Login" time="25.513"/>
  <system-out/>
  <testcase classname="com.git.GithubAutomation" name="CreatingNewRepo" time="22.122"/>
  <system-out>
    <![CDATA[Success]]>
  </system-out>
  <testcase classname="com.git.GithubAutomation" name="ReproCounting" time="7.490"/>
  <system-out/>
  <testcase classname="com.git.GithubAutomation" name="DeleteRepoFromList" time="63.449"/>
  <system-out/>
</testsuite> <!-- com.git.GithubAutomation -->
